<?xml version="1.0" encoding="UTF-8"?>
<!-- Generated by org.testng.reporters.JUnitReportReporter -->
<testsuite name="com.testng.Data_Provider" tests="3" time="0.016" ignored="0" failures="0" timestamp="27 Nov 2021 08:42:43 GMT" skipped="0" hostname="LAPTOP-QHNNO0C9" errors="0">
  <testcase name="credentials" time="0.002" classname="com.testng.Data_Provider"/>
  <testcase name="credentials" time="0.012" classname="com.testng.Data_Provider"/>
  <testcase name="credentials" time="0.002" classname="com.testng.Data_Provider"/>
</testsuite> <!-- com.testng.Data_Provider -->
