<?xml version="1.0" encoding="UTF-8"?>
<!-- Generated by org.testng.reporters.JUnitReportReporter -->
<testsuite name="com.testng.Parameterized_Test" tests="1" time="0.014" ignored="0" failures="0" timestamp="27 Nov 2021 08:26:49 GMT" skipped="0" hostname="LAPTOP-QHNNO0C9" errors="0">
  <testcase name="credentials" time="0.014" classname="com.testng.Parameterized_Test"/>
</testsuite> <!-- com.testng.Parameterized_Test -->
