<?xml version="1.0" encoding="UTF-8"?>
<!-- Generated by org.testng.reporters.JUnitReportReporter -->
<testsuite name="com.testng.Simple_Annotations" tests="7" time="0.029" ignored="0" failures="0" timestamp="25 Nov 2021 09:09:21 GMT" skipped="0" hostname="LAPTOP-QHNNO0C9" errors="0">
  <testcase name="button2" time="0.003" classname="com.testng.Simple_Annotations"/>
  <testcase name="button1" time="0.003" classname="com.testng.Simple_Annotations"/>
  <testcase name="button1" time="0.003" classname="com.testng.Simple_Annotations"/>
  <testcase name="button1" time="0.004" classname="com.testng.Simple_Annotations"/>
  <testcase name="button1" time="0.009" classname="com.testng.Simple_Annotations"/>
  <testcase name="button1" time="0.005" classname="com.testng.Simple_Annotations"/>
  <testcase name="button3" time="0.002" classname="com.testng.Simple_Annotations"/>
</testsuite> <!-- com.testng.Simple_Annotations -->
