<?xml version="1.0" encoding="UTF-8"?>
<!-- Generated by org.testng.reporters.JUnitReportReporter -->
<testsuite name="com.testng.Demo_Annotations" tests="7" time="0.038" ignored="1" failures="0" timestamp="25 Nov 2021 08:53:34 GMT" skipped="0" hostname="LAPTOP-QHNNO0C9" errors="0">
  <testcase name="myntra" time="0.013" classname="com.testng.Demo_Annotations"/>
  <testcase name="disneyHotstar" time="0.010" classname="com.testng.Demo_Annotations"/>
  <testcase name="youtube" time="0.003" classname="com.testng.Demo_Annotations"/>
  <testcase name="zee5" time="0.005" classname="com.testng.Demo_Annotations"/>
  <testcase name="flipkart" time="0.002" classname="com.testng.Demo_Annotations"/>
  <testcase name="primeVideo" time="0.004" classname="com.testng.Demo_Annotations"/>
  <testcase name="netFlix" time="0.001" classname="com.testng.Demo_Annotations"/>
  <testcase name="amazon" classname="com.testng.Demo_Annotations">
    <skipped/>
  </testcase> <!-- amazon -->
</testsuite> <!-- com.testng.Demo_Annotations -->
