<?xml version="1.0" encoding="UTF-8"?>
<!-- Generated by org.testng.reporters.JUnitReportReporter -->
<testsuite name="com.maven.Runner_ClassTestNG" tests="5" time="19.488" ignored="0" failures="0" timestamp="30 Nov 2021 14:25:59 GMT" skipped="0" hostname="LAPTOP-QHNNO0C9" errors="0">
  <testcase name="login" time="3.394" classname="com.maven.Runner_ClassTestNG"/>
  <testcase name="booking_Page" time="2.396" classname="com.maven.Runner_ClassTestNG"/>
  <testcase name="logger" time="0.101" classname="com.maven.Runner_ClassTestNG"/>
  <testcase name="url" time="4.328" classname="com.maven.Runner_ClassTestNG"/>
  <testcase name="payment_Page" time="9.269" classname="com.maven.Runner_ClassTestNG"/>
</testsuite> <!-- com.maven.Runner_ClassTestNG -->
